#
# There is insufficient memory for the Java Runtime Environment to continue.
# Native memory allocation (malloc) failed to allocate 1368656 bytes for Chunk::new
# Possible reasons:
#   The system is out of physical RAM or swap space
#   In 32 bit mode, the process size limit was hit
# Possible solutions:
#   Reduce memory load on the system
#   Increase physical memory or swap space
#   Check if swap backing store is full
#   Use 64 bit Java on a 64 bit OS
#   Decrease Java heap size (-Xmx/-Xms)
#   Decrease number of Java threads
#   Decrease Java thread stack sizes (-Xss)
#   Set larger code cache with -XX:ReservedCodeCacheSize=
# This output file may be truncated or incomplete.
#
#  Out of Memory Error (allocation.cpp:390), pid=9668, tid=0x00000000000004f8
#
# JRE version: Java(TM) SE Runtime Environment (8.0_161-b12) (build 1.8.0_161-b12)
# Java VM: Java HotSpot(TM) 64-Bit Server VM (25.161-b12 mixed mode windows-amd64 compressed oops)
# Failed to write core dump. Minidumps are not enabled by default on client versions of Windows
#

---------------  T H R E A D  ---------------

Current thread (0x0000000017e52000):  JavaThread "C2 CompilerThread1" daemon [_thread_in_native, id=1272, stack(0x00000000198b0000,0x00000000199b0000)]

Stack: [0x00000000198b0000,0x00000000199b0000]
[error occurred during error reporting (printing stack bounds), id 0xc0000005]

Native frames: (J=compiled Java code, j=interpreted, Vv=VM code, C=native code)


Current CompileTask:
C2:   3133 2299   !   4       org.codehaus.plexus.interpolation.StringSearchInterpolator::interpolate (655 bytes)


---------------  P R O C E S S  ---------------

Java Threads: ( => current thread )
  0x0000000019245800 JavaThread "Service Thread" daemon [_thread_blocked, id=4932, stack(0x0000000019ab0000,0x0000000019bb0000)]
  0x0000000017e9e000 JavaThread "C1 CompilerThread2" daemon [_thread_blocked, id=6376, stack(0x00000000199b0000,0x0000000019ab0000)]
=>0x0000000017e52000 JavaThread "C2 CompilerThread1" daemon [_thread_in_native, id=1272, stack(0x00000000198b0000,0x00000000199b0000)]
  0x0000000017e4f000 JavaThread "C2 CompilerThread0" daemon [_thread_in_vm, id=6156, stack(0x00000000197b0000,0x00000000198b0000)]
  0x0000000017e4d000 JavaThread "Attach Listener" daemon [_thread_blocked, id=10704, stack(0x00000000196b0000,0x00000000197b0000)]
  0x00000000191c0800 JavaThread "Signal Dispatcher" daemon [_thread_blocked, id=12764, stack(0x00000000195b0000,0x00000000196b0000)]
  0x0000000003469000 JavaThread "Finalizer" daemon [_thread_blocked, id=8764, stack(0x00000000190b0000,0x00000000191b0000)]
  0x0000000003463000 JavaThread "Reference Handler" daemon [_thread_blocked, id=8892, stack(0x0000000018fb0000,0x00000000190b0000)]
  0x0000000003372800 JavaThread "main" [_thread_in_Java, id=13484, stack(0x0000000003220000,0x0000000003320000)]

Other Threads:
  0x0000000017e07800 VMThread [stack: 0x0000000018eb0000,0x0000000018fb0000] [id=13792]
  0x000000001925c000 WatcherThread [stack: 0x0000000019bb0000,0x0000000019cb0000] [id=7440]

VM state:not at safepoint (normal execution)

VM Mutex/Monitor currently owned by a thread: None

Heap:
 PSYoungGen      total 36864K, used 17174K [0x00000000d6b00000, 0x00000000d9400000, 0x0000000100000000)
  eden space 31744K, 38% used [0x00000000d6b00000,0x00000000d76cb938,0x00000000d8a00000)
  from space 5120K, 99% used [0x00000000d8f00000,0x00000000d93fa040,0x00000000d9400000)
  to   space 5120K, 0% used [0x00000000d8a00000,0x00000000d8a00000,0x00000000d8f00000)
 ParOldGen       total 84992K, used 7207K [0x0000000084000000, 0x0000000089300000, 0x00000000d6b00000)
  object space 84992K, 8% used [0x0000000084000000,0x0000000084709cd8,0x0000000089300000)
 Metaspace       used 15693K, capacity 15974K, committed 16128K, reserved 1062912K
  class space    used 1872K, capacity 1979K, committed 2048K, reserved 1048576K

Card table byte_map: [0x0000000012830000,0x0000000012c20000] byte_map_base: 0x0000000012410000

Marking Bits: (ParMarkBitMap*) 0x000000005399f860
 Begin Bits: [0x00000000132c0000, 0x00000000151c0000)
 End Bits:   [0x00000000151c0000, 0x00000000170c0000)

Polling page: 0x0000000001250000

CodeCache: size=245760Kb used=9115Kb max_used=9115Kb free=236644Kb
 bounds [0x0000000003470000, 0x0000000003d60000, 0x0000000012470000]
 total_blobs=3020 nmethods=2675 adapters=256
 compilation: enabled

Compilation events (10 events):
Event: 3.013 Thread 0x0000000017e9e000 nmethod 2591 0x0000000003cfdf10 code [0x0000000003cfe080, 0x0000000003cfe350]
Event: 3.016 Thread 0x0000000017e9e000 2592       3       org.apache.maven.model.building.DefaultModelProblemCollector::setSource (11 bytes)
Event: 3.017 Thread 0x0000000017e9e000 nmethod 2592 0x0000000003cfe490 code [0x0000000003cfe5e0, 0x0000000003cfe750]
Event: 3.018 Thread 0x0000000017e9e000 2594       3       org.apache.maven.model.Model::setPomFile (17 bytes)
Event: 3.018 Thread 0x0000000017e9e000 nmethod 2594 0x0000000003cfe7d0 code [0x0000000003cfe980, 0x0000000003cfee38]
Event: 3.019 Thread 0x0000000017e9e000 2595       3       org.apache.maven.model.ModelBase::setProperties (6 bytes)
Event: 3.019 Thread 0x0000000017e9e000 nmethod 2595 0x0000000003cff090 code [0x0000000003cff1e0, 0x0000000003cff350]
Event: 3.019 Thread 0x0000000017e9e000 2596       3       org.apache.maven.model.merge.ModelMerger::mergeModelBase (73 bytes)
Event: 3.019 Thread 0x0000000017e9e000 nmethod 2596 0x0000000003cff3d0 code [0x0000000003cff5a0, 0x0000000003cffd58]
Event: 3.019 Thread 0x0000000017e9e000 2597       3       org.apache.maven.model.merge.MavenModelMerger::mergeModelBase_Modules (224 bytes)

GC Heap History (8 events):
Event: 0.800 GC heap before
{Heap before GC invocations=1 (full 0):
 PSYoungGen      total 36864K, used 31744K [0x00000000d6b00000, 0x00000000d9400000, 0x0000000100000000)
  eden space 31744K, 100% used [0x00000000d6b00000,0x00000000d8a00000,0x00000000d8a00000)
  from space 5120K, 0% used [0x00000000d8f00000,0x00000000d8f00000,0x00000000d9400000)
  to   space 5120K, 0% used [0x00000000d8a00000,0x00000000d8a00000,0x00000000d8f00000)
 ParOldGen       total 84992K, used 0K [0x0000000084000000, 0x0000000089300000, 0x00000000d6b00000)
  object space 84992K, 0% used [0x0000000084000000,0x0000000084000000,0x0000000089300000)
 Metaspace       used 8002K, capacity 8200K, committed 8320K, reserved 1056768K
  class space    used 1001K, capacity 1052K, committed 1152K, reserved 1048576K
Event: 0.805 GC heap after
Heap after GC invocations=1 (full 0):
 PSYoungGen      total 36864K, used 5061K [0x00000000d6b00000, 0x00000000d9400000, 0x0000000100000000)
  eden space 31744K, 0% used [0x00000000d6b00000,0x00000000d6b00000,0x00000000d8a00000)
  from space 5120K, 98% used [0x00000000d8a00000,0x00000000d8ef1680,0x00000000d8f00000)
  to   space 5120K, 0% used [0x00000000d8f00000,0x00000000d8f00000,0x00000000d9400000)
 ParOldGen       total 84992K, used 16K [0x0000000084000000, 0x0000000089300000, 0x00000000d6b00000)
  object space 84992K, 0% used [0x0000000084000000,0x0000000084004000,0x0000000089300000)
 Metaspace       used 8002K, capacity 8200K, committed 8320K, reserved 1056768K
  class space    used 1001K, capacity 1052K, committed 1152K, reserved 1048576K
}
Event: 1.266 GC heap before
{Heap before GC invocations=2 (full 0):
 PSYoungGen      total 36864K, used 36805K [0x00000000d6b00000, 0x00000000d9400000, 0x0000000100000000)
  eden space 31744K, 100% used [0x00000000d6b00000,0x00000000d8a00000,0x00000000d8a00000)
  from space 5120K, 98% used [0x00000000d8a00000,0x00000000d8ef1680,0x00000000d8f00000)
  to   space 5120K, 0% used [0x00000000d8f00000,0x00000000d8f00000,0x00000000d9400000)
 ParOldGen       total 84992K, used 16K [0x0000000084000000, 0x0000000089300000, 0x00000000d6b00000)
  object space 84992K, 0% used [0x0000000084000000,0x0000000084004000,0x0000000089300000)
 Metaspace       used 12088K, capacity 12282K, committed 12416K, reserved 1060864K
  class space    used 1535K, capacity 1641K, committed 1664K, reserved 1048576K
Event: 1.274 GC heap after
Heap after GC invocations=2 (full 0):
 PSYoungGen      total 36864K, used 5097K [0x00000000d6b00000, 0x00000000d9400000, 0x0000000100000000)
  eden space 31744K, 0% used [0x00000000d6b00000,0x00000000d6b00000,0x00000000d8a00000)
  from space 5120K, 99% used [0x00000000d8f00000,0x00000000d93fa440,0x00000000d9400000)
  to   space 5120K, 0% used [0x00000000d8a00000,0x00000000d8a00000,0x00000000d8f00000)
 ParOldGen       total 84992K, used 2710K [0x0000000084000000, 0x0000000089300000, 0x00000000d6b00000)
  object space 84992K, 3% used [0x0000000084000000,0x00000000842a5930,0x0000000089300000)
 Metaspace       used 12088K, capacity 12282K, committed 12416K, reserved 1060864K
  class space    used 1535K, capacity 1641K, committed 1664K, reserved 1048576K
}
Event: 2.280 GC heap before
{Heap before GC invocations=3 (full 0):
 PSYoungGen      total 36864K, used 36841K [0x00000000d6b00000, 0x00000000d9400000, 0x0000000100000000)
  eden space 31744K, 100% used [0x00000000d6b00000,0x00000000d8a00000,0x00000000d8a00000)
  from space 5120K, 99% used [0x00000000d8f00000,0x00000000d93fa440,0x00000000d9400000)
  to   space 5120K, 0% used [0x00000000d8a00000,0x00000000d8a00000,0x00000000d8f00000)
 ParOldGen       total 84992K, used 2710K [0x0000000084000000, 0x0000000089300000, 0x00000000d6b00000)
  object space 84992K, 3% used [0x0000000084000000,0x00000000842a5930,0x0000000089300000)
 Metaspace       used 15168K, capacity 15444K, committed 15616K, reserved 1062912K
  class space    used 1856K, capacity 1976K, committed 2048K, reserved 1048576K
Event: 2.291 GC heap after
Heap after GC invocations=3 (full 0):
 PSYoungGen      total 36864K, used 5112K [0x00000000d6b00000, 0x00000000d9400000, 0x0000000100000000)
  eden space 31744K, 0% used [0x00000000d6b00000,0x00000000d6b00000,0x00000000d8a00000)
  from space 5120K, 99% used [0x00000000d8a00000,0x00000000d8efe010,0x00000000d8f00000)
  to   space 5120K, 0% used [0x00000000d8f00000,0x00000000d8f00000,0x00000000d9400000)
 ParOldGen       total 84992K, used 5429K [0x0000000084000000, 0x0000000089300000, 0x00000000d6b00000)
  object space 84992K, 6% used [0x0000000084000000,0x000000008454d5e8,0x0000000089300000)
 Metaspace       used 15168K, capacity 15444K, committed 15616K, reserved 1062912K
  class space    used 1856K, capacity 1976K, committed 2048K, reserved 1048576K
}
Event: 2.927 GC heap before
{Heap before GC invocations=4 (full 0):
 PSYoungGen      total 36864K, used 36856K [0x00000000d6b00000, 0x00000000d9400000, 0x0000000100000000)
  eden space 31744K, 100% used [0x00000000d6b00000,0x00000000d8a00000,0x00000000d8a00000)
  from space 5120K, 99% used [0x00000000d8a00000,0x00000000d8efe010,0x00000000d8f00000)
  to   space 5120K, 0% used [0x00000000d8f00000,0x00000000d8f00000,0x00000000d9400000)
 ParOldGen       total 84992K, used 5429K [0x0000000084000000, 0x0000000089300000, 0x00000000d6b00000)
  object space 84992K, 6% used [0x0000000084000000,0x000000008454d5e8,0x0000000089300000)
 Metaspace       used 15615K, capacity 15910K, committed 16128K, reserved 1062912K
  class space    used 1872K, capacity 1979K, committed 2048K, reserved 1048576K
Event: 2.948 GC heap after
Heap after GC invocations=4 (full 0):
 PSYoungGen      total 36864K, used 5096K [0x00000000d6b00000, 0x00000000d9400000, 0x0000000100000000)
  eden space 31744K, 0% used [0x00000000d6b00000,0x00000000d6b00000,0x00000000d8a00000)
  from space 5120K, 99% used [0x00000000d8f00000,0x00000000d93fa040,0x00000000d9400000)
  to   space 5120K, 0% used [0x00000000d8a00000,0x00000000d8a00000,0x00000000d8f00000)
 ParOldGen       total 84992K, used 7207K [0x0000000084000000, 0x0000000089300000, 0x00000000d6b00000)
  object space 84992K, 8% used [0x0000000084000000,0x0000000084709cd8,0x0000000089300000)
 Metaspace       used 15615K, capacity 15910K, committed 16128K, reserved 1062912K
  class space    used 1872K, capacity 1979K, committed 2048K, reserved 1048576K
}

Deoptimization events (10 events):
Event: 2.573 Thread 0x0000000003372800 Uncommon trap: reason=class_check action=maybe_recompile pc=0x0000000003af05f0 method=java.util.regex.Pattern$CharProperty$1.isSatisfiedBy(I)Z @ 5
Event: 2.573 Thread 0x0000000003372800 Uncommon trap: reason=bimorphic action=maybe_recompile pc=0x0000000003b86ed4 method=java.util.regex.Pattern$BmpCharProperty.match(Ljava/util/regex/Matcher;ILjava/lang/CharSequence;)Z @ 16
Event: 2.573 Thread 0x0000000003372800 Uncommon trap: reason=bimorphic action=maybe_recompile pc=0x0000000003b86ed4 method=java.util.regex.Pattern$BmpCharProperty.match(Ljava/util/regex/Matcher;ILjava/lang/CharSequence;)Z @ 16
Event: 2.573 Thread 0x0000000003372800 Uncommon trap: reason=bimorphic action=maybe_recompile pc=0x0000000003b86ed4 method=java.util.regex.Pattern$BmpCharProperty.match(Ljava/util/regex/Matcher;ILjava/lang/CharSequence;)Z @ 16
Event: 2.573 Thread 0x0000000003372800 Uncommon trap: reason=bimorphic action=maybe_recompile pc=0x0000000003b86ed4 method=java.util.regex.Pattern$BmpCharProperty.match(Ljava/util/regex/Matcher;ILjava/lang/CharSequence;)Z @ 16
Event: 2.578 Thread 0x0000000003372800 Uncommon trap: reason=speculate_class_check action=maybe_recompile pc=0x0000000003be6f64 method=java.nio.charset.CharsetDecoder.decode(Ljava/nio/ByteBuffer;Ljava/nio/CharBuffer;Z)Ljava/nio/charset/CoderResult; @ 57
Event: 2.583 Thread 0x0000000003372800 Uncommon trap: reason=speculate_class_check action=maybe_recompile pc=0x0000000003be6f64 method=java.nio.charset.CharsetDecoder.decode(Ljava/nio/ByteBuffer;Ljava/nio/CharBuffer;Z)Ljava/nio/charset/CoderResult; @ 57
Event: 2.600 Thread 0x0000000003372800 Uncommon trap: reason=unstable_if action=reinterpret pc=0x0000000003c22698 method=java.util.HashMap.getNode(ILjava/lang/Object;)Ljava/util/HashMap$Node; @ 53
Event: 2.600 Thread 0x0000000003372800 Uncommon trap: reason=unstable_if action=reinterpret pc=0x00000000036a8f0c method=java.util.HashMap.getNode(ILjava/lang/Object;)Ljava/util/HashMap$Node; @ 53
Event: 2.951 Thread 0x0000000003372800 Uncommon trap: reason=unstable_if action=reinterpret pc=0x0000000003a357dc method=java.util.LinkedHashMap.afterNodeInsertion(Z)V @ 18

Classes redefined (0 events):
No events

Internal exceptions (10 events):
Event: 1.601 Thread 0x0000000003372800 Exception <a 'java/lang/NullPointerException'> (0x00000000d72ed398) thrown at [C:\re\workspace\8-2-build-windows-amd64-cygwin\jdk8u161\10277\hotspot\src\share\vm\interpreter\linkResolver.cpp, line 1185]
Event: 1.601 Thread 0x0000000003372800 Exception <a 'java/lang/NullPointerException'> (0x00000000d72ed5b0) thrown at [C:\re\workspace\8-2-build-windows-amd64-cygwin\jdk8u161\10277\hotspot\src\share\vm\interpreter\linkResolver.cpp, line 1185]
Event: 1.602 Thread 0x0000000003372800 Exception <a 'java/lang/NullPointerException'> (0x00000000d72fd7e8) thrown at [C:\re\workspace\8-2-build-windows-amd64-cygwin\jdk8u161\10277\hotspot\src\share\vm\interpreter\linkResolver.cpp, line 1185]
Event: 1.602 Thread 0x0000000003372800 Exception <a 'java/lang/NullPointerException'> (0x00000000d72fda00) thrown at [C:\re\workspace\8-2-build-windows-amd64-cygwin\jdk8u161\10277\hotspot\src\share\vm\interpreter\linkResolver.cpp, line 1185]
Event: 1.602 Thread 0x0000000003372800 Exception <a 'java/lang/NullPointerException'> (0x00000000d72fdc18) thrown at [C:\re\workspace\8-2-build-windows-amd64-cygwin\jdk8u161\10277\hotspot\src\share\vm\interpreter\linkResolver.cpp, line 1185]
Event: 2.068 Thread 0x0000000003372800 Implicit null exception at 0x00000000036a92d5 to 0x00000000036a94b5
Event: 2.068 Thread 0x0000000003372800 Implicit null exception at 0x000000000381dc6f to 0x000000000381dcd9
Event: 2.070 Thread 0x0000000003372800 Implicit null exception at 0x0000000003aa2d2b to 0x0000000003aa3511
Event: 2.071 Thread 0x0000000003372800 Implicit null exception at 0x00000000038c067b to 0x00000000038c0c39
Event: 2.097 Thread 0x0000000003372800 Implicit null exception at 0x0000000003a9db2e to 0x0000000003a9ee59

Events (10 events):
Event: 2.634 loading class org/apache/maven/plugin/internal/PlexusUtilsInjector done
Event: 2.637 loading class org/apache/maven/plugin/internal/WagonExcluder
Event: 2.637 loading class org/apache/maven/plugin/internal/WagonExcluder done
Event: 2.851 Thread 0x0000000003372800 DEOPT PACKING pc=0x0000000003a47928 sp=0x000000000331bb10
Event: 2.851 Thread 0x0000000003372800 DEOPT UNPACKING pc=0x00000000034b7890 sp=0x000000000331ba00 mode 0
Event: 2.927 Executing VM operation: ParallelGCFailedAllocation
Event: 2.948 Executing VM operation: ParallelGCFailedAllocation done
Event: 2.951 Thread 0x0000000003372800 Uncommon trap: trap_request=0xffffff65 fr.pc=0x0000000003a357dc
Event: 2.951 Thread 0x0000000003372800 DEOPT PACKING pc=0x0000000003a357dc sp=0x000000000331c700
Event: 2.951 Thread 0x0000000003372800 DEOPT UNPACKING pc=0x00000000034b583b sp=0x000000000331c688 mode 2


Dynamic libraries:
0x00007ff7e7a70000 - 0x00007ff7e7aa7000 	D:\Program Files\Java\jdk1.8.0_161\bin\javaw.exe
0x00007ffb4bf30000 - 0x00007ffb4c10b000 	C:\Windows\SYSTEM32\ntdll.dll
0x00007ffb4bc20000 - 0x00007ffb4bcce000 	C:\Windows\System32\KERNEL32.DLL
0x00007ffb48e70000 - 0x00007ffb490b9000 	C:\Windows\System32\KERNELBASE.dll
0x00007ffb49d20000 - 0x00007ffb49dc1000 	C:\Windows\System32\ADVAPI32.dll
0x00007ffb4bd40000 - 0x00007ffb4bddd000 	C:\Windows\System32\msvcrt.dll
0x00007ffb4b7f0000 - 0x00007ffb4b849000 	C:\Windows\System32\sechost.dll
0x00007ffb49dd0000 - 0x00007ffb49ef5000 	C:\Windows\System32\RPCRT4.dll
0x00007ffb49600000 - 0x00007ffb4974a000 	C:\Windows\System32\USER32.dll
0x00007ffb48450000 - 0x00007ffb4846e000 	C:\Windows\System32\win32u.dll
0x00007ffb4a050000 - 0x00007ffb4a077000 	C:\Windows\System32\GDI32.dll
0x00007ffb48ce0000 - 0x00007ffb48e69000 	C:\Windows\System32\gdi32full.dll
0x00007ffb48c40000 - 0x00007ffb48cda000 	C:\Windows\System32\msvcp_win.dll
0x00007ffb49390000 - 0x00007ffb49486000 	C:\Windows\System32\ucrtbase.dll
0x00007ffb3a000000 - 0x00007ffb3a267000 	C:\Windows\WinSxS\amd64_microsoft.windows.common-controls_6595b64144ccf1df_6.0.15063.0_none_108e4f62dfe5d999\COMCTL32.dll
0x00007ffb4b920000 - 0x00007ffb4bc19000 	C:\Windows\System32\combase.dll
0x00007ffb48bd0000 - 0x00007ffb48c3a000 	C:\Windows\System32\bcryptPrimitives.dll
0x00007ffb49760000 - 0x00007ffb4978d000 	C:\Windows\System32\IMM32.DLL
0x0000000052ee0000 - 0x0000000052fb2000 	D:\Program Files\Java\jdk1.8.0_161\jre\bin\msvcr100.dll
0x0000000053180000 - 0x0000000053a1f000 	D:\Program Files\Java\jdk1.8.0_161\jre\bin\server\jvm.dll
0x00007ffb4b910000 - 0x00007ffb4b918000 	C:\Windows\System32\PSAPI.DLL
0x00007ffb44f90000 - 0x00007ffb44f99000 	C:\Windows\SYSTEM32\WSOCK32.dll
0x00007ffb467f0000 - 0x00007ffb46813000 	C:\Windows\SYSTEM32\WINMM.dll
0x00007ffb41180000 - 0x00007ffb4118a000 	C:\Windows\SYSTEM32\VERSION.dll
0x00007ffb49cb0000 - 0x00007ffb49d1c000 	C:\Windows\System32\WS2_32.dll
0x00007ffb46790000 - 0x00007ffb467bb000 	C:\Windows\SYSTEM32\winmmbase.dll
0x00007ffb490c0000 - 0x00007ffb49109000 	C:\Windows\System32\cfgmgr32.dll
0x0000000053090000 - 0x000000005309f000 	D:\Program Files\Java\jdk1.8.0_161\jre\bin\verify.dll
0x0000000053060000 - 0x0000000053089000 	D:\Program Files\Java\jdk1.8.0_161\jre\bin\java.dll
0x0000000053040000 - 0x0000000053056000 	D:\Program Files\Java\jdk1.8.0_161\jre\bin\zip.dll
0x00007ffb4a0a0000 - 0x00007ffb4b4d7000 	C:\Windows\System32\SHELL32.dll
0x00007ffb4bde0000 - 0x00007ffb4be8a000 	C:\Windows\System32\shcore.dll
0x00007ffb48470000 - 0x00007ffb48b62000 	C:\Windows\System32\windows.storage.dll
0x00007ffb49c50000 - 0x00007ffb49ca1000 	C:\Windows\System32\shlwapi.dll
0x00007ffb48430000 - 0x00007ffb48441000 	C:\Windows\System32\kernel.appcore.dll
0x00007ffb483a0000 - 0x00007ffb483ec000 	C:\Windows\System32\powrprof.dll
0x00007ffb483f0000 - 0x00007ffb48405000 	C:\Windows\System32\profapi.dll
0x0000000053020000 - 0x000000005303a000 	D:\Program Files\Java\jdk1.8.0_161\jre\bin\net.dll
0x00007ffb47c40000 - 0x00007ffb47c9c000 	C:\Windows\system32\mswsock.dll
0x0000000053000000 - 0x0000000053011000 	D:\Program Files\Java\jdk1.8.0_161\jre\bin\nio.dll

VM Arguments:
jvm_args: -Dmaven.home=F:\apache-maven-3.3.9 -Dclassworlds.conf=D:\workspace\.metadata\.plugins\org.eclipse.m2e.launching\launches\m2conf2636814061833800353.tmp -Dmaven.multiModuleProjectDirectory=H:\BaiduDownload\项目二：宜立方商城（80-93天）\e3商城_day13\e3商城_day13\项目二_day13\source\e3-sso-web -Dfile.encoding=UTF-8 
java_command: org.codehaus.plexus.classworlds.launcher.Launcher -B -s F:\apache-maven-3.3.9\conf\settings.xml tomcat7:run
java_class_path (initial): F:\apache-maven-3.3.9\boot\plexus-classworlds-2.5.2.jar
Launcher Type: SUN_STANDARD

Environment Variables:
JAVA_HOME=D:\Program Files\Java\jdk1.8.0_161
CLASSPATH=.;D:\Program Files\Java\jdk1.8.0_161\lib;D:\Program Files\Java\jdk1.8.0_161\lib\dt.jar;D:\Program Files\Java\jdk1.8.0_161\lib\tools.jar
PATH=D:/Program Files/Java/jdk1.8.0_161/bin/../jre/bin/server;D:/Program Files/Java/jdk1.8.0_161/bin/../jre/bin;D:/Program Files/Java/jdk1.8.0_161/bin/../jre/lib/amd64;"D:\Program Files\Java\jdk1.8.0_161\bin;D:\Program Files\Java\jdk1.8.0_161\jre\bin;";C:\Program Files\TortoiseGit\bin;D:\Program Files\Java\jdk1.8.0_161\bin;D:\Program Files\Java\jdk1.8.0_161\jre\bin;D:\Program Files (x86)\NetSarang\Xshell 6\;C:\Windows\system32;C:\Windows;C:\Windows\System32\Wbem;C:\Windows\System32\WindowsPowerShell\v1.0\;C:\Program Files (x86)\NVIDIA Corporation\PhysX\Common;D:\Program Files\MySQL\MySQL Server 5.1\bin;F:\apache-maven-3.3.9\bin;D:\Program Files\TortoiseSVN\bin;D:\Program Files\Redis\;D:\Program Files (x86)\VisualSVN Server\bin;C:\Users\Administrator\AppData\Local\Microsoft\WindowsApps;D:\Program Files (x86)\Fiddler2;C:\Windows\system32;
USERNAME=Administrator
OS=Windows_NT
PROCESSOR_IDENTIFIER=Intel64 Family 6 Model 60 Stepping 3, GenuineIntel



---------------  S Y S T E M  ---------------

OS: Windows 10.0 , 64 bit Build 15063 (10.0.15063.0)

CPU:total 4 (initial active 4) (2 cores per cpu, 2 threads per core) family 6 model 60 stepping 3, cmov, cx8, fxsr, mmx, sse, sse2, sse3, ssse3, sse4.1, sse4.2, popcnt, avx, avx2, aes, clmul, erms, lzcnt, ht, tsc, tscinvbit, bmi1, bmi2

Memory: 4k page, physical 8124040k(1435800k free), swap 12318344k(8596k free)

vm_info: Java HotSpot(TM) 64-Bit Server VM (25.161-b12) for windows-amd64 JRE (1.8.0_161-b12), built on Dec 19 2017 17:52:25 by "java_re" with MS VC++ 10.0 (VS2010)

time: Sat Mar 09 00:15:47 2019
elapsed time: 3 seconds (0d 0h 0m 3s)

